time="2026-02-05T18:05:42+01:00" level=warning msg="/home/diego/code/SkyInterceptor/docker-compose.yml: the attribute `version` is obsolete, it will be ignored, please remove it to avoid potential confusion"
 Image interceptor-drone:latest Building 
#1 [internal] load local bake definitions
#1 reading from stdin 546B done
#1 DONE 0.0s

#2 [internal] load build definition from Dockerfile
#2 transferring dockerfile:
#2 transferring dockerfile: 2.46kB done
#2 DONE 0.2s

#3 [internal] load metadata for docker.io/nvidia/cuda:11.8.0-devel-ubuntu22.04
#3 DONE 1.2s

#4 [internal] load .dockerignore
#4 transferring context: 618B done
#4 DONE 0.0s

#5 [ 1/12] FROM docker.io/nvidia/cuda:11.8.0-devel-ubuntu22.04@sha256:94fd755736cb58979173d491504f0b573247b1745250249415b07fefc738e41f
#5 DONE 0.0s

#6 [ 3/12] RUN apt-get update && apt-get install -y     curl wget git vim build-essential cmake     python3-pip     locales software-properties-common apt-transport-https gnupg lsb-release     gdb valgrind clang-format clang-tidy cppcheck     libgl1-mesa-glx libgl1-mesa-dri     net-tools iputils-ping     && rm -rf /var/lib/apt/lists/*
#6 CACHED

#7 [ 4/12] RUN locale-gen en_US en_US.UTF-8
#7 CACHED

#8 [ 5/12] RUN update-locale LC_ALL=en_US.UTF-8 LANG=en_US.UTF-8
#8 CACHED

#9 [ 2/12] WORKDIR /workspace
#9 CACHED

#10 [ 6/12] RUN curl -sSL https://raw.githubusercontent.com/ros/rosdistro/master/ros.key -o /usr/share/keyrings/ros-archive-keyring.gpg &&     echo "deb [arch=$(dpkg --print-architecture) signed-by=/usr/share/keyrings/ros-archive-keyring.gpg] http://packages.ros.org/ros2/ubuntu jammy main" | tee /etc/apt/sources.list.d/ros2.list > /dev/null &&     apt-get update && apt-get install -y     ros-humble-desktop     ros-humble-gazebo-ros-pkgs     ros-humble-cv-bridge     ros-humble-image-transport     ros-humble-tf2-ros     ros-humble-xacro     python3-colcon-common-extensions     python3-rosdep     python3-vcstool     && rm -rf /var/lib/apt/lists/*
#10 CACHED

#11 [internal] load build context
#11 transferring context: 68B done
#11 DONE 0.0s

#12 [ 7/12] RUN apt-get update && apt-get install -y     gazebo libgazebo-dev     libopencv-dev libeigen3-dev     && rm -rf /var/lib/apt/lists/*
#12 0.648 Get:1 http://security.ubuntu.com/ubuntu jammy-security InRelease [129 kB]
#12 0.650 Get:2 http://archive.ubuntu.com/ubuntu jammy InRelease [270 kB]
#12 0.723 Get:3 https://developer.download.nvidia.com/compute/cuda/repos/ubuntu2204/x86_64  InRelease [1,581 B]
#12 0.882 Get:4 https://developer.download.nvidia.com/compute/cuda/repos/ubuntu2204/x86_64  Packages [2,341 kB]
#12 0.929 Get:5 http://archive.ubuntu.com/ubuntu jammy-updates InRelease [128 kB]
#12 1.061 Get:6 http://security.ubuntu.com/ubuntu jammy-security/restricted amd64 Packages [6,388 kB]
#12 1.071 Get:7 http://archive.ubuntu.com/ubuntu jammy-backports InRelease [127 kB]
#12 1.157 Get:8 http://archive.ubuntu.com/ubuntu jammy/main amd64 Packages [1,792 kB]
#12 1.374 Get:9 http://packages.ros.org/ros2/ubuntu jammy InRelease [4,682 B]
#12 1.834 Get:10 http://packages.ros.org/ros2/ubuntu jammy/main amd64 Packages [1,741 kB]
#12 2.184 Get:11 http://archive.ubuntu.com/ubuntu jammy/restricted amd64 Packages [164 kB]
#12 2.253 Get:12 http://archive.ubuntu.com/ubuntu jammy/multiverse amd64 Packages [266 kB]
#12 2.319 Get:13 http://archive.ubuntu.com/ubuntu jammy/universe amd64 Packages [17.5 MB]
#12 4.202 Get:14 http://security.ubuntu.com/ubuntu jammy-security/universe amd64 Packages [1,297 kB]
#12 4.734 Get:15 http://security.ubuntu.com/ubuntu jammy-security/main amd64 Packages [3,677 kB]
#12 6.210 Get:16 http://security.ubuntu.com/ubuntu jammy-security/multiverse amd64 Packages [62.6 kB]
#12 7.502 Get:17 http://archive.ubuntu.com/ubuntu jammy-updates/restricted amd64 Packages [6,597 kB]
#12 8.623 Get:18 http://archive.ubuntu.com/ubuntu jammy-updates/main amd64 Packages [4,009 kB]
#12 9.213 Get:19 http://archive.ubuntu.com/ubuntu jammy-updates/universe amd64 Packages [1,608 kB]
#12 9.432 Get:20 http://archive.ubuntu.com/ubuntu jammy-updates/multiverse amd64 Packages [70.9 kB]
#12 9.448 Get:21 http://archive.ubuntu.com/ubuntu jammy-backports/main amd64 Packages [83.9 kB]
#12 9.450 Get:22 http://archive.ubuntu.com/ubuntu jammy-backports/universe amd64 Packages [37.2 kB]
#12 9.528 Fetched 48.3 MB in 9s (5,363 kB/s)
#12 9.528 Reading package lists...
#12 10.96 Reading package lists...
#12 12.29 Building dependency tree...
#12 12.64 Reading state information...
#12 12.93 gazebo is already the newest version (11.10.2+dfsg-1).
#12 12.93 gazebo set to manually installed.
#12 12.93 libeigen3-dev is already the newest version (3.4.0-2ubuntu2).
#12 12.93 libeigen3-dev set to manually installed.
#12 12.93 libgazebo-dev is already the newest version (11.10.2+dfsg-1).
#12 12.93 libgazebo-dev set to manually installed.
#12 12.93 libopencv-dev is already the newest version (4.5.4+dfsg-9ubuntu4).
#12 12.93 libopencv-dev set to manually installed.
#12 12.93 0 upgraded, 0 newly installed, 0 to remove and 49 not upgraded.
#12 DONE 13.0s

#13 [ 8/12] RUN pip3 install --no-cache-dir     ultralytics onnxruntime-gpu     opencv-python numpy scipy matplotlib pyyaml     black pylint pytest
#13 1.489 Collecting ultralytics
#13 1.650   Downloading ultralytics-8.4.12-py3-none-any.whl (1.2 MB)
#13 1.967      ━━━━━━━━━━━━━━━━━━━━━━━━━━━━━━━━━━━━━━━━ 1.2/1.2 MB 3.8 MB/s eta 0:00:00
#13 2.035 Collecting onnxruntime-gpu
#13 2.067   Downloading onnxruntime_gpu-1.23.2-cp310-cp310-manylinux_2_27_x86_64.manylinux_2_28_x86_64.whl (300.5 MB)
#13 53.41      ━━━━━━━━━━━━━━━━━━━━━━━━━━━━━━━━━━━━━━━ 300.5/300.5 MB 6.0 MB/s eta 0:00:00
#13 53.96 Collecting opencv-python
#13 53.99   Downloading opencv_python-4.13.0.92-cp37-abi3-manylinux_2_28_x86_64.whl (72.9 MB)
#13 65.63      ━━━━━━━━━━━━━━━━━━━━━━━━━━━━━━━━━━━━━━━━ 72.9/72.9 MB 6.4 MB/s eta 0:00:00
#13 65.70 Requirement already satisfied: numpy in /usr/lib/python3/dist-packages (1.21.5)
#13 65.70 Requirement already satisfied: scipy in /usr/lib/python3/dist-packages (1.8.0)
#13 65.70 Requirement already satisfied: matplotlib in /usr/lib/python3/dist-packages (3.5.1)
#13 65.70 Requirement already satisfied: pyyaml in /usr/lib/python3/dist-packages (5.4.1)
#13 65.87 Collecting black
#13 65.91   Downloading black-26.1.0-cp310-cp310-manylinux2014_x86_64.manylinux_2_17_x86_64.manylinux_2_28_x86_64.whl (1.8 MB)
#13 66.17      ━━━━━━━━━━━━━━━━━━━━━━━━━━━━━━━━━━━━━━━━ 1.8/1.8 MB 6.8 MB/s eta 0:00:00
#13 66.28 Collecting pylint
#13 66.31   Downloading pylint-4.0.4-py3-none-any.whl (536 kB)
#13 66.37      ━━━━━━━━━━━━━━━━━━━━━━━━━━━━━━━━━━━━━━━ 536.4/536.4 KB 8.8 MB/s eta 0:00:00
#13 66.38 Requirement already satisfied: pytest in /usr/lib/python3/dist-packages (6.2.5)
#13 66.41 Requirement already satisfied: psutil>=5.8.0 in /usr/lib/python3/dist-packages (from ultralytics) (5.9.0)
#13 66.51 Collecting requests>=2.23.0
#13 66.55   Downloading requests-2.32.5-py3-none-any.whl (64 kB)
#13 66.56      ━━━━━━━━━━━━━━━━━━━━━━━━━━━━━━━━━━━━━━━━ 64.7/64.7 KB 54.4 MB/s eta 0:00:00
#13 66.69 Collecting torchvision>=0.9.0
#13 66.73   Downloading torchvision-0.25.0-cp310-cp310-manylinux_2_28_x86_64.whl (8.1 MB)
#13 68.01      ━━━━━━━━━━━━━━━━━━━━━━━━━━━━━━━━━━━━━━━━ 8.1/8.1 MB 6.3 MB/s eta 0:00:00
#13 68.02 Requirement already satisfied: pillow>=7.1.2 in /usr/lib/python3/dist-packages (from ultralytics) (9.0.1)
#13 68.39 Collecting polars>=0.20.0
#13 68.42   Downloading polars-1.38.0-py3-none-any.whl (810 kB)
#13 68.50      ━━━━━━━━━━━━━━━━━━━━━━━━━━━━━━━━━━━━━━ 810.1/810.1 KB 10.2 MB/s eta 0:00:00
#13 69.02 Collecting numpy
#13 69.05   Downloading numpy-2.2.6-cp310-cp310-manylinux_2_17_x86_64.manylinux2014_x86_64.whl (16.8 MB)
#13 71.58      ━━━━━━━━━━━━━━━━━━━━━━━━━━━━━━━━━━━━━━━━ 16.8/16.8 MB 6.7 MB/s eta 0:00:00
#13 71.76 Collecting torch>=1.8.0
#13 71.79   Downloading torch-2.10.0-cp310-cp310-manylinux_2_28_x86_64.whl (915.6 MB)
#13 221.0      ━━━━━━━━━━━━━━━━━━━━━━━━━━━━━━━━━━━━━━━ 915.6/915.6 MB 6.9 MB/s eta 0:00:00
#13 222.4 Collecting ultralytics-thop>=2.0.18
#13 222.4   Downloading ultralytics_thop-2.0.18-py3-none-any.whl (28 kB)
#13 222.5 Collecting flatbuffers
#13 222.5   Downloading flatbuffers-25.12.19-py2.py3-none-any.whl (26 kB)
#13 222.5 Requirement already satisfied: packaging in /usr/lib/python3/dist-packages (from onnxruntime-gpu) (21.3)
#13 222.5 Requirement already satisfied: sympy in /usr/lib/python3/dist-packages (from onnxruntime-gpu) (1.9)
#13 222.6 Collecting coloredlogs
#13 222.6   Downloading coloredlogs-15.0.1-py2.py3-none-any.whl (46 kB)
#13 222.6      ━━━━━━━━━━━━━━━━━━━━━━━━━━━━━━━━━━━━━━━━ 46.0/46.0 KB 29.0 MB/s eta 0:00:00
#13 223.0 Collecting protobuf
#13 223.0   Downloading protobuf-6.33.5-cp39-abi3-manylinux2014_x86_64.whl (323 kB)
#13 223.1      ━━━━━━━━━━━━━━━━━━━━━━━━━━━━━━━━━━━━━━━ 323.5/323.5 KB 4.6 MB/s eta 0:00:00
#13 223.2 Collecting mypy-extensions>=0.4.3
#13 223.2   Downloading mypy_extensions-1.1.0-py3-none-any.whl (5.0 kB)
#13 223.3 Collecting platformdirs>=2
#13 223.3   Downloading platformdirs-4.5.1-py3-none-any.whl (18 kB)
#13 223.4 Collecting tomli>=1.1.0
#13 223.4   Downloading tomli-2.4.0-py3-none-any.whl (14 kB)
#13 223.5 Collecting pathspec>=1.0.0
#13 223.5   Downloading pathspec-1.0.4-py3-none-any.whl (55 kB)
#13 223.5      ━━━━━━━━━━━━━━━━━━━━━━━━━━━━━━━━━━━━━━━━ 55.2/55.2 KB 14.2 MB/s eta 0:00:00
#13 223.6 Collecting pytokens>=0.3.0
#13 223.6   Downloading pytokens-0.4.1-cp310-cp310-manylinux2014_x86_64.manylinux_2_17_x86_64.manylinux_2_28_x86_64.whl (259 kB)
#13 223.7      ━━━━━━━━━━━━━━━━━━━━━━━━━━━━━━━━━━━━━━━ 259.5/259.5 KB 4.6 MB/s eta 0:00:00
#13 223.7 Collecting typing-extensions>=4.0.1
#13 223.7   Downloading typing_extensions-4.15.0-py3-none-any.whl (44 kB)
#13 223.8      ━━━━━━━━━━━━━━━━━━━━━━━━━━━━━━━━━━━━━━━━ 44.6/44.6 KB 66.4 MB/s eta 0:00:00
#13 223.8 Collecting packaging
#13 223.8   Downloading packaging-26.0-py3-none-any.whl (74 kB)
#13 223.9      ━━━━━━━━━━━━━━━━━━━━━━━━━━━━━━━━━━━━━━━━ 74.4/74.4 KB 3.4 MB/s eta 0:00:00
#13 223.9 Collecting click>=8.0.0
#13 224.0   Downloading click-8.3.1-py3-none-any.whl (108 kB)
#13 224.0      ━━━━━━━━━━━━━━━━━━━━━━━━━━━━━━━━━━━━━━ 108.3/108.3 KB 16.5 MB/s eta 0:00:00
#13 224.0 Collecting dill>=0.2
#13 224.1   Downloading dill-0.4.1-py3-none-any.whl (120 kB)
#13 224.1      ━━━━━━━━━━━━━━━━━━━━━━━━━━━━━━━━━━━━━━━ 120.0/120.0 KB 6.0 MB/s eta 0:00:00
#13 224.1 Requirement already satisfied: mccabe<0.8,>=0.6 in /usr/lib/python3/dist-packages (from pylint) (0.6.1)
#13 224.2 Collecting tomlkit>=0.10.1
#13 224.2   Downloading tomlkit-0.14.0-py3-none-any.whl (39 kB)
#13 224.3 Collecting astroid<=4.1.dev0,>=4.0.2
#13 224.3   Downloading astroid-4.0.3-py3-none-any.whl (276 kB)
#13 224.4      ━━━━━━━━━━━━━━━━━━━━━━━━━━━━━━━━━━━━━━━ 276.4/276.4 KB 7.9 MB/s eta 0:00:00
#13 224.5 Collecting isort!=5.13,<8,>=5
#13 224.5   Downloading isort-7.0.0-py3-none-any.whl (94 kB)
#13 224.5      ━━━━━━━━━━━━━━━━━━━━━━━━━━━━━━━━━━━━━━━━ 94.7/94.7 KB 3.6 MB/s eta 0:00:00
#13 224.6 Collecting polars-runtime-32==1.38.0
#13 224.7   Downloading polars_runtime_32-1.38.0-cp310-abi3-manylinux_2_17_x86_64.manylinux2014_x86_64.whl (45.7 MB)
#13 232.2      ━━━━━━━━━━━━━━━━━━━━━━━━━━━━━━━━━━━━━━━━ 45.7/45.7 MB 6.6 MB/s eta 0:00:00
#13 232.3 Collecting idna<4,>=2.5
#13 232.4   Downloading idna-3.11-py3-none-any.whl (71 kB)
#13 232.4      ━━━━━━━━━━━━━━━━━━━━━━━━━━━━━━━━━━━━━━━━ 71.0/71.0 KB 7.0 MB/s eta 0:00:00
#13 232.6 Collecting charset_normalizer<4,>=2
#13 232.6   Downloading charset_normalizer-3.4.4-cp310-cp310-manylinux2014_x86_64.manylinux_2_17_x86_64.manylinux_2_28_x86_64.whl (153 kB)
#13 232.6      ━━━━━━━━━━━━━━━━━━━━━━━━━━━━━━━━━━━━━━ 153.6/153.6 KB 24.5 MB/s eta 0:00:00
#13 232.7 Collecting urllib3<3,>=1.21.1
#13 232.7   Downloading urllib3-2.6.3-py3-none-any.whl (131 kB)
#13 232.8      ━━━━━━━━━━━━━━━━━━━━━━━━━━━━━━━━━━━━━━━ 131.6/131.6 KB 9.9 MB/s eta 0:00:00
#13 232.8 Collecting certifi>=2017.4.17
#13 232.8   Downloading certifi-2026.1.4-py3-none-any.whl (152 kB)
#13 232.9      ━━━━━━━━━━━━━━━━━━━━━━━━━━━━━━━━━━━━━━━ 152.9/152.9 KB 4.3 MB/s eta 0:00:00
#13 232.9 Collecting nvidia-curand-cu12==10.3.9.90
#13 233.0   Downloading nvidia_curand_cu12-10.3.9.90-py3-none-manylinux_2_27_x86_64.whl (63.6 MB)
#13 242.8      ━━━━━━━━━━━━━━━━━━━━━━━━━━━━━━━━━━━━━━━━ 63.6/63.6 MB 7.6 MB/s eta 0:00:00
#13 242.9 Collecting nvidia-nvshmem-cu12==3.4.5
#13 242.9   Downloading nvidia_nvshmem_cu12-3.4.5-py3-none-manylinux2014_x86_64.manylinux_2_17_x86_64.whl (139.1 MB)
#13 265.3      ━━━━━━━━━━━━━━━━━━━━━━━━━━━━━━━━━━━━━━━ 139.1/139.1 MB 6.1 MB/s eta 0:00:00
#13 265.5 Collecting filelock
#13 265.5   Downloading filelock-3.20.3-py3-none-any.whl (16 kB)
#13 265.6 Collecting nvidia-cufft-cu12==11.3.3.83
#13 265.6   Downloading nvidia_cufft_cu12-11.3.3.83-py3-none-manylinux2014_x86_64.manylinux_2_17_x86_64.whl (193.1 MB)
#13 296.7      ━━━━━━━━━━━━━━━━━━━━━━━━━━━━━━━━━━━━━━━ 193.1/193.1 MB 6.3 MB/s eta 0:00:00
#13 297.0 Collecting nvidia-cuda-cupti-cu12==12.8.90
#13 297.0   Downloading nvidia_cuda_cupti_cu12-12.8.90-py3-none-manylinux2014_x86_64.manylinux_2_17_x86_64.whl (10.2 MB)
#13 298.6      ━━━━━━━━━━━━━━━━━━━━━━━━━━━━━━━━━━━━━━━━ 10.2/10.2 MB 6.3 MB/s eta 0:00:00
#13 298.7 Collecting nvidia-nvtx-cu12==12.8.90
#13 298.7   Downloading nvidia_nvtx_cu12-12.8.90-py3-none-manylinux2014_x86_64.manylinux_2_17_x86_64.whl (89 kB)
#13 298.7      ━━━━━━━━━━━━━━━━━━━━━━━━━━━━━━━━━━━━━━━━ 90.0/90.0 KB 18.1 MB/s eta 0:00:00
#13 298.8 Collecting nvidia-cublas-cu12==12.8.4.1
#13 298.8   Downloading nvidia_cublas_cu12-12.8.4.1-py3-none-manylinux_2_27_x86_64.whl (594.3 MB)
#13 400.6      ━━━━━━━━━━━━━━━━━━━━━━━━━━━━━━━━━━━━━━━ 594.3/594.3 MB 5.4 MB/s eta 0:00:00
#13 401.2 Collecting nvidia-cudnn-cu12==9.10.2.21
#13 401.2   Downloading nvidia_cudnn_cu12-9.10.2.21-py3-none-manylinux_2_27_x86_64.whl (706.8 MB)
#13 509.9      ━━━━━━━━━━━━━━━━━━━━━━━━━━━━━━━━━━━━━━━ 706.8/706.8 MB 6.4 MB/s eta 0:00:00
#13 510.7 Collecting fsspec>=0.8.5
#13 510.7   Downloading fsspec-2026.1.0-py3-none-any.whl (201 kB)
#13 510.8      ━━━━━━━━━━━━━━━━━━━━━━━━━━━━━━━━━━━━━━━ 201.8/201.8 KB 6.1 MB/s eta 0:00:00
#13 510.9 Collecting networkx>=2.5.1
#13 510.9   Downloading networkx-3.4.2-py3-none-any.whl (1.7 MB)
#13 511.1      ━━━━━━━━━━━━━━━━━━━━━━━━━━━━━━━━━━━━━━━━ 1.7/1.7 MB 8.3 MB/s eta 0:00:00
#13 511.2 Collecting nvidia-cuda-runtime-cu12==12.8.90
#13 511.2   Downloading nvidia_cuda_runtime_cu12-12.8.90-py3-none-manylinux2014_x86_64.manylinux_2_17_x86_64.whl (954 kB)
#13 511.3      ━━━━━━━━━━━━━━━━━━━━━━━━━━━━━━━━━━━━━━━ 954.8/954.8 KB 9.1 MB/s eta 0:00:00
#13 511.4 Collecting nvidia-nvjitlink-cu12==12.8.93
#13 511.4   Downloading nvidia_nvjitlink_cu12-12.8.93-py3-none-manylinux2010_x86_64.manylinux_2_12_x86_64.whl (39.3 MB)
#13 517.3      ━━━━━━━━━━━━━━━━━━━━━━━━━━━━━━━━━━━━━━━━ 39.3/39.3 MB 6.3 MB/s eta 0:00:00
#13 517.4 Collecting jinja2
#13 517.4   Downloading jinja2-3.1.6-py3-none-any.whl (134 kB)
#13 517.4      ━━━━━━━━━━━━━━━━━━━━━━━━━━━━━━━━━━━━━━ 134.9/134.9 KB 15.3 MB/s eta 0:00:00
#13 517.5 Collecting nvidia-cufile-cu12==1.13.1.3
#13 517.5   Downloading nvidia_cufile_cu12-1.13.1.3-py3-none-manylinux2014_x86_64.manylinux_2_17_x86_64.whl (1.2 MB)
#13 517.6      ━━━━━━━━━━━━━━━━━━━━━━━━━━━━━━━━━━━━━━━━ 1.2/1.2 MB 7.7 MB/s eta 0:00:00
#13 517.7 Collecting nvidia-nccl-cu12==2.27.5
#13 517.7   Downloading nvidia_nccl_cu12-2.27.5-py3-none-manylinux2014_x86_64.manylinux_2_17_x86_64.whl (322.3 MB)
#13 576.5      ━━━━━━━━━━━━━━━━━━━━━━━━━━━━━━━━━━━━━━━ 322.3/322.3 MB 6.2 MB/s eta 0:00:00
#13 576.9 Collecting nvidia-cuda-nvrtc-cu12==12.8.93
#13 576.9   Downloading nvidia_cuda_nvrtc_cu12-12.8.93-py3-none-manylinux2010_x86_64.manylinux_2_12_x86_64.whl (88.0 MB)
#13 591.9      ━━━━━━━━━━━━━━━━━━━━━━━━━━━━━━━━━━━━━━━━ 88.0/88.0 MB 6.6 MB/s eta 0:00:00
#13 592.1 Collecting cuda-bindings==12.9.4
#13 592.1   Downloading cuda_bindings-12.9.4-cp310-cp310-manylinux_2_24_x86_64.manylinux_2_28_x86_64.whl (12.1 MB)
#13 594.0      ━━━━━━━━━━━━━━━━━━━━━━━━━━━━━━━━━━━━━━━━ 12.1/12.1 MB 6.6 MB/s eta 0:00:00
#13 594.0 Collecting nvidia-cusparse-cu12==12.5.8.93
#13 594.1   Downloading nvidia_cusparse_cu12-12.5.8.93-py3-none-manylinux2014_x86_64.manylinux_2_17_x86_64.whl (288.2 MB)
#13 651.0      ━━━━━━━━━━━━━━━━━━━━━━━━━━━━━━━━━━━━━━━ 288.2/288.2 MB 6.6 MB/s eta 0:00:00
#13 651.3 Collecting triton==3.6.0
#13 651.4   Downloading triton-3.6.0-cp310-cp310-manylinux_2_27_x86_64.manylinux_2_28_x86_64.whl (188.1 MB)
#13 680.9      ━━━━━━━━━━━━━━━━━━━━━━━━━━━━━━━━━━━━━━━ 188.1/188.1 MB 6.3 MB/s eta 0:00:00
#13 681.1 Collecting nvidia-cusparselt-cu12==0.7.1
#13 681.2   Downloading nvidia_cusparselt_cu12-0.7.1-py3-none-manylinux2014_x86_64.whl (287.2 MB)
#13 723.4      ━━━━━━━━━━━━━━━━━━━━━━━━━━━━━━━━━━━━━━━ 287.2/287.2 MB 6.8 MB/s eta 0:00:00
#13 723.7 Collecting nvidia-cusolver-cu12==11.7.3.90
#13 723.7   Downloading nvidia_cusolver_cu12-11.7.3.90-py3-none-manylinux_2_27_x86_64.whl (267.5 MB)
#13 766.5      ━━━━━━━━━━━━━━━━━━━━━━━━━━━━━━━━━━━━━━━ 267.5/267.5 MB 6.9 MB/s eta 0:00:00
#13 766.8 Collecting sympy
#13 766.9   Downloading sympy-1.14.0-py3-none-any.whl (6.3 MB)
#13 767.9      ━━━━━━━━━━━━━━━━━━━━━━━━━━━━━━━━━━━━━━━━ 6.3/6.3 MB 6.0 MB/s eta 0:00:00
#13 768.0 Collecting cuda-pathfinder~=1.1
#13 768.0   Downloading cuda_pathfinder-1.3.3-py3-none-any.whl (27 kB)
#13 768.1 Collecting mpmath<1.4,>=1.1.0
#13 768.1   Downloading mpmath-1.3.0-py3-none-any.whl (536 kB)
#13 768.2      ━━━━━━━━━━━━━━━━━━━━━━━━━━━━━━━━━━━━━━━ 536.2/536.2 KB 6.7 MB/s eta 0:00:00
#13 768.3 Collecting humanfriendly>=9.1
#13 768.4   Downloading humanfriendly-10.0-py2.py3-none-any.whl (86 kB)
#13 768.4      ━━━━━━━━━━━━━━━━━━━━━━━━━━━━━━━━━━━━━━━━ 86.8/86.8 KB 21.9 MB/s eta 0:00:00
#13 768.7 Collecting MarkupSafe>=2.0
#13 768.7   Downloading markupsafe-3.0.3-cp310-cp310-manylinux2014_x86_64.manylinux_2_17_x86_64.manylinux_2_28_x86_64.whl (20 kB)
#13 769.3 Installing collected packages: nvidia-cusparselt-cu12, mpmath, flatbuffers, urllib3, typing-extensions, triton, tomlkit, tomli, sympy, pytokens, protobuf, polars-runtime-32, platformdirs, pathspec, packaging, nvidia-nvtx-cu12, nvidia-nvshmem-cu12, nvidia-nvjitlink-cu12, nvidia-nccl-cu12, nvidia-curand-cu12, nvidia-cufile-cu12, nvidia-cuda-runtime-cu12, nvidia-cuda-nvrtc-cu12, nvidia-cuda-cupti-cu12, nvidia-cublas-cu12, numpy, networkx, mypy-extensions, MarkupSafe, isort, idna, humanfriendly, fsspec, filelock, dill, cuda-pathfinder, click, charset_normalizer, certifi, requests, polars, opencv-python, nvidia-cusparse-cu12, nvidia-cufft-cu12, nvidia-cudnn-cu12, jinja2, cuda-bindings, coloredlogs, black, astroid, pylint, onnxruntime-gpu, nvidia-cusolver-cu12, torch, ultralytics-thop, torchvision, ultralytics
#13 772.6   Attempting uninstall: mpmath
#13 772.6     Found existing installation: mpmath 0.0.0
#13 772.6     Not uninstalling mpmath at /usr/lib/python3/dist-packages, outside environment /usr
#13 772.6     Can't uninstall 'mpmath'. No files were found to uninstall.
#13 778.9   Attempting uninstall: sympy
#13 778.9     Found existing installation: sympy 1.9
#13 778.9     Not uninstalling sympy at /usr/lib/python3/dist-packages, outside environment /usr
#13 778.9     Can't uninstall 'sympy'. No files were found to uninstall.
#13 784.4   Attempting uninstall: packaging
#13 784.4     Found existing installation: packaging 21.3
#13 784.4     Not uninstalling packaging at /usr/lib/python3/dist-packages, outside environment /usr
#13 784.4     Can't uninstall 'packaging'. No files were found to uninstall.
#13 802.6   Attempting uninstall: numpy
#13 802.6     Found existing installation: numpy 1.21.5
#13 802.6     Not uninstalling numpy at /usr/lib/python3/dist-packages, outside environment /usr
#13 802.6     Can't uninstall 'numpy'. No files were found to uninstall.
#13 867.3 Successfully installed MarkupSafe-3.0.3 astroid-4.0.3 black-26.1.0 certifi-2026.1.4 charset_normalizer-3.4.4 click-8.3.1 coloredlogs-15.0.1 cuda-bindings-12.9.4 cuda-pathfinder-1.3.3 dill-0.4.1 filelock-3.20.3 flatbuffers-25.12.19 fsspec-2026.1.0 humanfriendly-10.0 idna-3.11 isort-7.0.0 jinja2-3.1.6 mpmath-1.3.0 mypy-extensions-1.1.0 networkx-3.4.2 numpy-2.2.6 nvidia-cublas-cu12-12.8.4.1 nvidia-cuda-cupti-cu12-12.8.90 nvidia-cuda-nvrtc-cu12-12.8.93 nvidia-cuda-runtime-cu12-12.8.90 nvidia-cudnn-cu12-9.10.2.21 nvidia-cufft-cu12-11.3.3.83 nvidia-cufile-cu12-1.13.1.3 nvidia-curand-cu12-10.3.9.90 nvidia-cusolver-cu12-11.7.3.90 nvidia-cusparse-cu12-12.5.8.93 nvidia-cusparselt-cu12-0.7.1 nvidia-nccl-cu12-2.27.5 nvidia-nvjitlink-cu12-12.8.93 nvidia-nvshmem-cu12-3.4.5 nvidia-nvtx-cu12-12.8.90 onnxruntime-gpu-1.23.2 opencv-python-4.13.0.92 packaging-26.0 pathspec-1.0.4 platformdirs-4.5.1 polars-1.38.0 polars-runtime-32-1.38.0 protobuf-6.33.5 pylint-4.0.4 pytokens-0.4.1 requests-2.32.5 sympy-1.14.0 tomli-2.4.0 tomlkit-0.14.0 torch-2.10.0 torchvision-0.25.0 triton-3.6.0 typing-extensions-4.15.0 ultralytics-8.4.12 ultralytics-thop-2.0.18 urllib3-2.6.3
#13 867.3 WARNING: Running pip as the 'root' user can result in broken permissions and conflicting behaviour with the system package manager. It is recommended to use a virtual environment instead: https://pip.pypa.io/warnings/venv
#13 DONE 873.3s

#14 [ 9/12] RUN echo "source /opt/ros/humble/setup.bash" >> /root/.bashrc
#14 DONE 0.4s

#15 [10/12] RUN mkdir -p /workspace/interceptor_ws/src
#15 DONE 0.5s

#16 [11/12] COPY docker/entrypoint.sh /entrypoint.sh
#16 DONE 0.2s

#17 [12/12] RUN chmod +x /entrypoint.sh
#17 DONE 0.4s

#18 exporting to image
#18 exporting layers
#18 exporting layers 40.8s done
#18 writing image sha256:b40c4c7ea89fbd00240856da682d3e42cfbd8a10e5a4d066319602ea484196aa done
#18 naming to docker.io/library/interceptor-drone:latest 0.0s done
#18 DONE 40.9s

#19 resolving provenance for metadata file
#19 DONE 0.0s
 Image interceptor-drone:latest Built 
